0 info it worked if it ends with ok
1 verbose cli [ 'D:\\Users\\mirajsm.ARAMCO\\software\\node\\node.exe',
1 verbose cli   'D:\\Users\\mirajsm.ARAMCO\\software\\node\\node_modules\\npm\\bin\\npm-cli.js',
1 verbose cli   'start' ]
2 info using npm@3.8.7
3 info using node@v5.9.1
4 verbose stack Error: missing script: start
4 verbose stack     at run (D:\Users\mirajsm.ARAMCO\software\node\node_modules\npm\lib\run-script.js:147:19)
4 verbose stack     at D:\Users\mirajsm.ARAMCO\software\node\node_modules\npm\lib\run-script.js:57:5
4 verbose stack     at D:\Users\mirajsm.ARAMCO\software\node\node_modules\npm\node_modules\read-package-json\read-json.js:345:5
4 verbose stack     at checkBinReferences_ (D:\Users\mirajsm.ARAMCO\software\node\node_modules\npm\node_modules\read-package-json\read-json.js:309:45)
4 verbose stack     at final (D:\Users\mirajsm.ARAMCO\software\node\node_modules\npm\node_modules\read-package-json\read-json.js:343:3)
4 verbose stack     at then (D:\Users\mirajsm.ARAMCO\software\node\node_modules\npm\node_modules\read-package-json\read-json.js:113:5)
4 verbose stack     at ReadFileContext.<anonymous> (D:\Users\mirajsm.ARAMCO\software\node\node_modules\npm\node_modules\read-package-json\read-json.js:284:20)
4 verbose stack     at ReadFileContext.callback (D:\Users\mirajsm.ARAMCO\software\node\node_modules\npm\node_modules\graceful-fs\graceful-fs.js:78:16)
4 verbose stack     at FSReqWrap.readFileAfterOpen [as oncomplete] (fs.js:324:13)
5 verbose cwd D:\dev\testingStuff\frontEnd\todo-app\plainJS-todo-app
6 error Windows_NT 6.1.7601
7 error argv "D:\\Users\\mirajsm.ARAMCO\\software\\node\\node.exe" "D:\\Users\\mirajsm.ARAMCO\\software\\node\\node_modules\\npm\\bin\\npm-cli.js" "start"
8 error node v5.9.1
9 error npm  v3.8.7
10 error missing script: start
11 error If you need help, you may report this error at:
11 error     <https://github.com/npm/npm/issues>
12 verbose exit [ 1, true ]
